<?xml version="1.0" encoding="UTF-8"?>
<!-- Generated by org.testng.reporters.JUnitReportReporter -->
<testsuite hostname="pg00k2s3" name="RohithAcedamy.Homepage" tests="1" failures="0" timestamp="25 Jun 2019 15:10:16 GMT" time="53.647" errors="0">
  <testcase name="performelogin" time="53.647" classname="RohithAcedamy.Homepage"/>
</testsuite> <!-- RohithAcedamy.Homepage -->
